<?xml version="1.0" encoding="UTF-8"?>
<!-- Generated by org.testng.reporters.JUnitReportReporter -->
<testsuite hostname="DESKTOP-2TF9LCF" failures="0" tests="1" name="bestbuy.oma.Smokeflow" time="268.868" errors="0" timestamp="10 Jun 2021 15:51:37 GMT" skipped="0">
  <testcase classname="bestbuy.oma.Smokeflow" name="registerusre" time="268.868"/>
</testsuite> <!-- bestbuy.oma.Smokeflow -->
