<?xml version="1.0" encoding="UTF-8"?>
<!-- Generated by org.testng.reporters.JUnitReportReporter -->
<testsuite hostname="DESKTOP-2TF9LCF" failures="0" tests="2" name="bestbuy.oma.TC3_BranchingName" time="0.009" errors="0" timestamp="31 May 2021 11:17:00 GMT" skipped="0">
  <testcase classname="bestbuy.oma.TC3_BranchingName" name="name" time="0.008"/>
  <testcase classname="bestbuy.oma.TC3_BranchingName" name="userName" time="0.001"/>
</testsuite> <!-- bestbuy.oma.TC3_BranchingName -->
