<?xml version="1.0" encoding="UTF-8"?>
<!-- Generated by org.testng.reporters.JUnitReportReporter -->
<testsuite hostname="DESKTOP-2TF9LCF" failures="0" tests="1" name="bestbuy.oma.HomeModule" time="6.138" errors="0" timestamp="17 Jun 2021 07:29:18 GMT" skipped="0">
  <testcase classname="bestbuy.oma.HomeModule" name="create_candidate_view" time="6.138"/>
</testsuite> <!-- bestbuy.oma.HomeModule -->
