<?xml version="1.0" encoding="UTF-8"?>
<!-- Generated by org.testng.reporters.JUnitReportReporter -->
<testsuite hostname="DESKTOP-2TF9LCF" failures="0" tests="1" name="bestbuy.oma.CandidatePage" time="0.009" errors="0" timestamp="05 Jul 2021 06:09:01 GMT" skipped="0">
  <testcase classname="bestbuy.oma.CandidatePage" name="IteratorhashSet" time="0.009"/>
</testsuite> <!-- bestbuy.oma.CandidatePage -->
