<?xml version="1.0" encoding="UTF-8"?>
<!-- Generated by org.testng.reporters.JUnitReportReporter -->
<testsuite hostname="DESKTOP-2TF9LCF" failures="0" tests="1" name="bestbuy.oma.testcase_1" time="8.802" errors="0" timestamp="05 May 2021 16:29:35 GMT" skipped="0">
  <testcase classname="bestbuy.oma.testcase_1" name="login" time="8.802"/>
</testsuite> <!-- bestbuy.oma.testcase_1 -->
