<?xml version="1.0" encoding="UTF-8"?>
<!-- Generated by org.testng.reporters.JUnitReportReporter -->
<testsuite hostname="DESKTOP-2TF9LCF" failures="0" tests="3" name="bestbuy.oma.AmazonPage" time="0.006" errors="0" timestamp="03 Jul 2021 07:28:00 GMT" skipped="2">
  <testcase classname="bestbuy.oma.AmazonPage" name="testingGitHub" time="0.006"/>
  <testcase classname="bestbuy.oma.AmazonPage" name="amazon">
    <skipped/>
  </testcase> <!-- amazon -->
  <testcase classname="bestbuy.oma.AmazonPage" name="amazonbeautyproductclk">
    <skipped/>
  </testcase> <!-- amazonbeautyproductclk -->
</testsuite> <!-- bestbuy.oma.AmazonPage -->
